[debug] [2024-06-07T18:33:10.412Z] ----------------------------------------------------------------------
[debug] [2024-06-07T18:33:10.413Z] Command:       /Users/gary.yagutyan/.nvm/versions/node/v18.16.0/bin/node /Users/gary.yagutyan/.nvm/versions/node/v18.16.0/bin/firebase init
[debug] [2024-06-07T18:33:10.413Z] CLI Version:   13.11.1
[debug] [2024-06-07T18:33:10.413Z] Platform:      darwin
[debug] [2024-06-07T18:33:10.413Z] Node Version:  v18.16.0
[debug] [2024-06-07T18:33:10.414Z] Time:          Fri Jun 07 2024 22:33:10 GMT+0400 (Georgia Standard Time)
[debug] [2024-06-07T18:33:10.414Z] ----------------------------------------------------------------------
[debug] 
[debug] [2024-06-07T18:33:10.417Z] > command requires scopes: ["email","openid","https://www.googleapis.com/auth/cloudplatformprojects.readonly","https://www.googleapis.com/auth/firebase","https://www.googleapis.com/auth/cloud-platform"]
[debug] [2024-06-07T18:33:10.417Z] > authorizing via signed-in user (gary.yagutyan@gmail.com)
[info] 
     ######## #### ########  ######## ########     ###     ######  ########
     ##        ##  ##     ## ##       ##     ##  ##   ##  ##       ##
     ######    ##  ########  ######   ########  #########  ######  ######
     ##        ##  ##    ##  ##       ##     ## ##     ##       ## ##
     ##       #### ##     ## ######## ########  ##     ##  ######  ########

You're about to initialize a Firebase project in this directory:

  /Users/gary.yagutyan/Documents/Projects/G5 Games/g5-task

[info] 
=== Project Setup
[info] 
[info] First, let's associate this project directory with a Firebase project.
[info] You can create multiple project aliases by running firebase use --add, 
[info] but for now we'll just set up a default project.
[info] 
[debug] [2024-06-07T18:33:31.225Z] >>> [apiv2][query] GET https://firebase.googleapis.com/v1beta1/projects pageSize=100
[debug] [2024-06-07T18:33:31.881Z] <<< [apiv2][status] GET https://firebase.googleapis.com/v1beta1/projects 200
[debug] [2024-06-07T18:33:31.881Z] <<< [apiv2][body] GET https://firebase.googleapis.com/v1beta1/projects [omitted]
[info] i  Using project g5-games (G5 games) 
[info] 
=== Hosting Setup
[debug] [2024-06-07T18:33:41.952Z] >>> [apiv2][query] GET https://firebase.googleapis.com/v1beta1/projects/g5-games [none]
[debug] [2024-06-07T18:33:42.480Z] <<< [apiv2][status] GET https://firebase.googleapis.com/v1beta1/projects/g5-games 200
[debug] [2024-06-07T18:33:42.481Z] <<< [apiv2][body] GET https://firebase.googleapis.com/v1beta1/projects/g5-games {"projectId":"g5-games","projectNumber":"565336397593","displayName":"G5 games","name":"projects/g5-games","resources":{"hostingSite":"g5-games"},"state":"ACTIVE","etag":"1_a5a6ae52-a6fd-4b55-9608-196fbd468108"}
[info] 
[info] Your public directory is the folder (relative to your project directory) that
[info] will contain Hosting assets to be uploaded with firebase deploy. If you
[info] have a build process for your assets, use your build's output directory.
[info] 
[debug] [2024-06-07T18:35:23.720Z] >>> [apiv2][query] GET https://www.gstatic.com/firebasejs/releases.json [none]
[debug] [2024-06-07T18:35:24.001Z] <<< [apiv2][status] GET https://www.gstatic.com/firebasejs/releases.json 200
[debug] [2024-06-07T18:35:24.001Z] <<< [apiv2][body] GET https://www.gstatic.com/firebasejs/releases.json {"current":{"version":"10.12.2","browserURL":"https://www.gstatic.com/firebasejs/10.12.2/firebase.js","packageURL":"https://www.gstatic.com/firebasejs/10.12.2/firebase.tgz"},"live":{"version":"10.12","browserURL":"https://www.gstatic.com/firebasejs/live/10.12/firebase.js","packageURL":"https://www.gstatic.com/firebasejs/live/10.12/firebase.tgz"},"components":{"analytics":"https://www.gstatic.com/firebasejs/10.12.2/firebase-analytics.js","app":"https://www.gstatic.com/firebasejs/10.12.2/firebase-app.js","app-check":"https://www.gstatic.com/firebasejs/10.12.2/firebase-app-check.js","auth":"https://www.gstatic.com/firebasejs/10.12.2/firebase-auth.js","auth/cordova":"https://www.gstatic.com/firebasejs/10.12.2/firebase-auth/cordova.js","auth/web-extension":"https://www.gstatic.com/firebasejs/10.12.2/firebase-auth/web-extension.js","functions":"https://www.gstatic.com/firebasejs/10.12.2/firebase-functions.js","firestore":"https://www.gstatic.com/firebasejs/10.12.2/firebase-firestore.js","firestore/lite":"https://www.gstatic.com/firebasejs/10.12.2/firebase-firestore/lite.js","installations":"https://www.gstatic.com/firebasejs/10.12.2/firebase-installations.js","storage":"https://www.gstatic.com/firebasejs/10.12.2/firebase-storage.js","performance":"https://www.gstatic.com/firebasejs/10.12.2/firebase-performance.js","remote-config":"https://www.gstatic.com/firebasejs/10.12.2/firebase-remote-config.js","messaging":"https://www.gstatic.com/firebasejs/10.12.2/firebase-messaging.js","messaging/sw":"https://www.gstatic.com/firebasejs/10.12.2/firebase-messaging/sw.js","database":"https://www.gstatic.com/firebasejs/10.12.2/firebase-database.js","vertexai-preview":"https://www.gstatic.com/firebasejs/10.12.2/firebase-vertexai-preview.js","firestore.memory":"https://www.gstatic.com/firebasejs/10.12.2/firebase-firestore.memory.js"}}
[info] ✔  Wrote dist/g5-task/index.html 
[info] 
[info] i  Detected a .git folder at /Users/gary.yagutyan/Documents/Projects/G5 Games/g5-task 
[info] i  Authorizing with GitHub to upload your service account to a GitHub repository's secrets store. 
[info] 
[info] Visit this URL on this device to log in:
[info] https://github.com/login/oauth/authorize?client_id=89cf50f02ac6aaed3484&state=402168818&redirect_uri=http%3A%2F%2Flocalhost%3A9005&scope=read%3Auser%20repo%20public_repo
[info] 
[info] Waiting for authentication...
[debug] [2024-06-07T18:35:58.975Z] >>> [apiv2][query] POST https://github.com/login/oauth/access_token [none]
[debug] [2024-06-07T18:35:58.976Z] >>> [apiv2][body] POST https://github.com/login/oauth/access_token [stream]
[debug] [2024-06-07T18:35:59.412Z] <<< [apiv2][status] POST https://github.com/login/oauth/access_token 200
[debug] [2024-06-07T18:35:59.413Z] <<< [apiv2][body] POST https://github.com/login/oauth/access_token {"access_token":"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","token_type":"bearer","scope":"read:user,repo"}
[debug] [2024-06-07T18:35:59.429Z] >>> [apiv2][query] GET https://api.github.com/user [none]
[debug] [2024-06-07T18:35:59.849Z] <<< [apiv2][status] GET https://api.github.com/user 200
[debug] [2024-06-07T18:35:59.849Z] <<< [apiv2][body] GET https://api.github.com/user {"login":"Anonymous96","id":16060371,"node_id":"MDQ6VXNlcjE2MDYwMzcx","avatar_url":"https://avatars.githubusercontent.com/u/16060371?v=4","gravatar_id":"","url":"https://api.github.com/users/Anonymous96","html_url":"https://github.com/Anonymous96","followers_url":"https://api.github.com/users/Anonymous96/followers","following_url":"https://api.github.com/users/Anonymous96/following{/other_user}","gists_url":"https://api.github.com/users/Anonymous96/gists{/gist_id}","starred_url":"https://api.github.com/users/Anonymous96/starred{/owner}{/repo}","subscriptions_url":"https://api.github.com/users/Anonymous96/subscriptions","organizations_url":"https://api.github.com/users/Anonymous96/orgs","repos_url":"https://api.github.com/users/Anonymous96/repos","events_url":"https://api.github.com/users/Anonymous96/events{/privacy}","received_events_url":"https://api.github.com/users/Anonymous96/received_events","type":"User","site_admin":false,"name":"Gari Iagutyan","company":null,"blog":"","location":null,"email":null,"hireable":null,"bio":null,"twitter_username":null,"public_repos":5,"public_gists":0,"followers":0,"following":0,"created_at":"2015-11-28T16:11:12Z","updated_at":"2024-06-07T05:39:54Z","private_gists":0,"total_private_repos":4,"owned_private_repos":4,"disk_usage":2985,"collaborators":0,"two_factor_authentication":false,"plan":{"name":"free","space":976562499,"collaborators":0,"private_repos":10000}}
[info] 
[info] ✔  Success! Logged into GitHub as Anonymous96 
[info] 
